#
# A fatal error has been detected by the Java Runtime Environment:
#
#  EXCEPTION_ACCESS_VIOLATION (0xc0000005) at pc=0x00007ff981475890, pid=29216, tid=28900
#
# JRE version: Java(TM) SE Runtime Environment 18.9 (11.0.8+10) (build 11.0.8+10-LTS)
# Java VM: Java HotSpot(TM) 64-Bit Server VM 18.9 (11.0.8+10-LTS, mixed mode, tiered, compressed oops, g1 gc, windows-amd64)
# Problematic frame:
# V  [jvm.dll+0x845890]
#
# No core dump will be written. Minidumps are not enabled by default on client versions of Windows
#
# If you would like to submit a bug report, please visit:
#   https://bugreport.java.com/bugreport/crash.jsp
#

---------------  S U M M A R Y ------------

Command Line: -Dclassworlds.conf=C:/Users/Jack/Desktop/Maven/apache-maven-3.6.3/bin/m2.conf -Dmaven.home=C:/Users/Jack/Desktop/Maven/apache-maven-3.6.3 -Dlibrary.jansi.path=C:/Users/Jack/Desktop/Maven/apache-maven-3.6.3/lib/jansi-native -Dmaven.multiModuleProjectDirectory=C:/Users/Jack/git/gaggle/candidateassignment org.codehaus.plexus.classworlds.launcher.Launcher clean package shade:shade

Host: Intel(R) Core(TM) i7-7700K CPU @ 4.20GHz, 8 cores, 15G,  Windows 10 , 64 bit Build 19041 (10.0.19041.1023)
Time: Wed Jul 28 15:55:16 2021 Central Daylight Time elapsed time: 2 seconds (0d 0h 0m 2s)

---------------  T H R E A D  ---------------

Current thread (0x0000021ee656b800):  GCTaskThread "GC Thread#1" [stack: 0x000000a8f9f00000,0x000000a8fa000000] [id=28900]

Stack: [0x000000a8f9f00000,0x000000a8fa000000],  sp=0x000000a8f9ffefe8,  free space=1019k
Native frames: (J=compiled Java code, j=interpreted, Vv=VM code, C=native code)
V  [jvm.dll+0x845890]


siginfo: EXCEPTION_ACCESS_VIOLATION (0xc0000005), data execution prevention violation at address 0x00007ff981475890


Register to memory mapping:

RIP=0x00007ff981475890 jvm.dll
RAX=0x000000000000021e is an unknown value
RBX=0x0000000706dfe501 is pointing into object: [Ljava.lang.Object; 
{0x0000000706dfdd58} - klass: 'java/lang/Object'[]
 - length: 1280
RCX=0x0000021ee6bee040 points into unknown readable memory: 80 e9 46 81 f9 7f 00 00
RDX=0x0000000706c41770 is an oop: 
[error occurred during error reporting (printing register info), id 0xc0000005, EXCEPTION_ACCESS_VIOLATION (0xc0000005) at pc=0x00007ff98121ed3d]

Registers:
RAX=0x000000000000021e, RBX=0x0000000706dfe501, RCX=0x0000021ee6bee040, RDX=0x0000000706c41770
RSP=0x000000a8f9ffefe8, RBP=0x0000021ee6beded0, RSI=0x0000000706c41770, RDI=0x0000000000000001
R8 =0x0000000800022070, R9 =0x00007ff980c30000, R10=0x000000070f92be58, R11=0x0000000706c41770
R12=0x0000000000000000, R13=0x0000000000000020, R14=0x000000070f92be58, R15=0x0000002ffe243f09
RIP=0x00007ff981475890, EFLAGS=0x0000000000010202

Top of Stack: (sp=0x000000a8f9ffefe8)
0x000000a8f9ffefe8:   00007ff980f27b29 0000000706dfe501
0x000000a8f9ffeff8:   0000000706c41770 0000000706c41700
0x000000a8f9fff008:   0000000000000226 0000000700000226
0x000000a8f9fff018:   000000000001ad00 0000001406dfdd58
0x000000a8f9fff028:   00007ff980f01d68 0000021ee6beded0
0x000000a8f9fff038:   0000000000000040 0000021ebf21c578
0x000000a8f9fff048:   000000a8f9fff2d8 0000000000000000
0x000000a8f9fff058:   0000021ebf21c570 0000000000000100
0x000000a8f9fff068:   00007ff980f2601d 0000021ee6beded0
0x000000a8f9fff078:   0000021ebf21c578 0000002ffe243f09
0x000000a8f9fff088:   0000000706dfe5ec 0000000000000000
0x000000a8f9fff098:   0000000706dfe5ed 000000a8f9fff130
0x000000a8f9fff0a8:   00007ff980f3072d 000000070142cff4
0x000000a8f9fff0b8:   0000000000000100 0000000000000100
0x000000a8f9fff0c8:   000000000000000a 000000a8f9fff2b0
0x000000a8f9fff0d8:   0000000000000004 0000000000000000 

Instructions: (pc=0x00007ff981475890)
0x00007ff981475870:   53 69 7a 65 20 6f 66 20 63 6c 61 73 73 20 61 6e
0x00007ff981475880:   6e 6f 74 61 74 69 6f 6e 73 00 00 00 00 00 00 00
0x00007ff981475890:   53 69 7a 65 20 6f 66 20 63 6c 61 73 73 20 74 79
0x00007ff9814758a0:   70 65 20 61 6e 6e 6f 74 61 74 69 6f 6e 73 00 00 


Stack slot to memory mapping:
stack at sp + 0 slots: 0x00007ff980f27b29 jvm.dll
stack at sp + 1 slots: 0x0000000706dfe501 is pointing into object: [Ljava.lang.Object; 
{0x0000000706dfdd58} - klass: 'java/lang/Object'[]
 - length: 1280
stack at sp + 2 slots: 0x0000000706c41770 is an oop: 
[error occurred during error reporting (inspecting top of stack), id 0xc0000005, EXCEPTION_ACCESS_VIOLATION (0xc0000005) at pc=0x00007ff98121ed3d]


---------------  P R O C E S S  ---------------

Threads class SMR info:
_java_thread_list=0x0000021ee63d2080, length=12, elements={
0x0000021ec138e800, 0x0000021ee4e1e800, 0x0000021ee4df5000, 0x0000021ee570e800,
0x0000021ee570f800, 0x0000021ee5711800, 0x0000021ee56c2800, 0x0000021ee56c4800,
0x0000021ee588f000, 0x0000021ee5894800, 0x0000021ee610b800, 0x0000021ee643d000
}

Java Threads: ( => current thread )
  0x0000021ec138e800 JavaThread "main" [_thread_blocked, id=30872, stack(0x000000a8f8c00000,0x000000a8f8d00000)]
  0x0000021ee4e1e800 JavaThread "Reference Handler" daemon [_thread_blocked, id=22864, stack(0x000000a8f9300000,0x000000a8f9400000)]
  0x0000021ee4df5000 JavaThread "Finalizer" daemon [_thread_blocked, id=29708, stack(0x000000a8f9400000,0x000000a8f9500000)]
  0x0000021ee570e800 JavaThread "Signal Dispatcher" daemon [_thread_blocked, id=31556, stack(0x000000a8f9500000,0x000000a8f9600000)]
  0x0000021ee570f800 JavaThread "Attach Listener" daemon [_thread_blocked, id=22720, stack(0x000000a8f9600000,0x000000a8f9700000)]
  0x0000021ee5711800 JavaThread "C2 CompilerThread0" daemon [_thread_blocked, id=26476, stack(0x000000a8f9700000,0x000000a8f9800000)]
  0x0000021ee56c2800 JavaThread "C1 CompilerThread0" daemon [_thread_blocked, id=29184, stack(0x000000a8f9800000,0x000000a8f9900000)]
  0x0000021ee56c4800 JavaThread "Sweeper thread" daemon [_thread_blocked, id=17040, stack(0x000000a8f9900000,0x000000a8f9a00000)]
  0x0000021ee588f000 JavaThread "Service Thread" daemon [_thread_blocked, id=11000, stack(0x000000a8f9a00000,0x000000a8f9b00000)]
  0x0000021ee5894800 JavaThread "Common-Cleaner" daemon [_thread_blocked, id=30096, stack(0x000000a8f9c00000,0x000000a8f9d00000)]
  0x0000021ee610b800 JavaThread "C2 CompilerThread1" daemon [_thread_blocked, id=23520, stack(0x000000a8f9d00000,0x000000a8f9e00000)]
  0x0000021ee643d000 JavaThread "C2 CompilerThread2" daemon [_thread_blocked, id=12728, stack(0x000000a8f9e00000,0x000000a8f9f00000)]

Other Threads:
  0x0000021ee4e1d000 VMThread "VM Thread" [stack: 0x000000a8f9200000,0x000000a8f9300000] [id=23296]
  0x0000021ee58a6800 WatcherThread [stack: 0x000000a8f9b00000,0x000000a8f9c00000] [id=31128]
  0x0000021ec13a2800 GCTaskThread "GC Thread#0" [stack: 0x000000a8f8d00000,0x000000a8f8e00000] [id=32324]
=>0x0000021ee656b800 GCTaskThread "GC Thread#1" [stack: 0x000000a8f9f00000,0x000000a8fa000000] [id=28900]
  0x0000021ee6906800 GCTaskThread "GC Thread#2" [stack: 0x000000a8fa000000,0x000000a8fa100000] [id=12496]
  0x0000021ee68f6000 GCTaskThread "GC Thread#3" [stack: 0x000000a8fa100000,0x000000a8fa200000] [id=15564]
  0x0000021ee69de800 GCTaskThread "GC Thread#4" [stack: 0x000000a8fa200000,0x000000a8fa300000] [id=18540]
  0x0000021ee6089800 GCTaskThread "GC Thread#5" [stack: 0x000000a8fa300000,0x000000a8fa400000] [id=23840]
  0x0000021ec1405000 ConcurrentGCThread "G1 Main Marker" [stack: 0x000000a8f8e00000,0x000000a8f8f00000] [id=8092]
  0x0000021ec1406000 ConcurrentGCThread "G1 Conc#0" [stack: 0x000000a8f8f00000,0x000000a8f9000000] [id=9852]
  0x0000021ee6bc2800 ConcurrentGCThread "G1 Conc#1" [stack: 0x000000a8fa400000,0x000000a8fa500000] [id=12492]
  0x0000021ec146d800 ConcurrentGCThread "G1 Refine#0" [stack: 0x000000a8f9000000,0x000000a8f9100000] [id=20580]
  0x0000021ee4ce2000 ConcurrentGCThread "G1 Young RemSet Sampling" [stack: 0x000000a8f9100000,0x000000a8f9200000] [id=25128]

Threads with active compile tasks:
C2 CompilerThread0   2568 5185 % !   4       java.util.jar.Attributes::read @ 185 (388 bytes)
C1 CompilerThread0   2568 5196  s!   3       jdk.internal.loader.URLClassPath::getLoader (194 bytes)
C2 CompilerThread1   2568 5195 %     4       java.util.jar.JarFile::match @ 14 (132 bytes)

VM state:at safepoint (normal execution)

VM Mutex/Monitor currently owned by a thread:  ([mutex/lock_event])
[0x0000021ec138d580] Threads_lock - owner thread: 0x0000021ee4e1d000
[0x0000021ec138e1e0] Heap_lock - owner thread: 0x0000021ec138e800

Heap address: 0x0000000700a00000, size: 4086 MB, Compressed Oops mode: Zero based, Oop shift amount: 3
Narrow klass base: 0x0000000800000000, Narrow klass shift: 0
Compressed class space size: 1073741824 Address: 0x0000000800000000

Heap:
 garbage-first heap   total 262144K, used 170578K [0x0000000700a00000, 0x0000000800000000)
  region size 1024K, 158 young (161792K), 10 survivors (10240K)
 Metaspace       used 32804K, capacity 33512K, committed 33712K, reserved 1079296K
  class space    used 3495K, capacity 3794K, committed 3840K, reserved 1048576K
Heap Regions: E=young(eden), S=young(survivor), O=old, HS=humongous(starts), HC=humongous(continues), CS=collection set, F=free, A=archive, TAMS=top-at-mark-start (previous, next)
|   0|0x0000000700a00000, 0x0000000700b00000, 0x0000000700b00000|100%| O|  |TAMS 0x0000000700a77200, 0x0000000700a00000| Untracked 
|   1|0x0000000700b00000, 0x0000000700c00000, 0x0000000700c00000|100%|HS|  |TAMS 0x0000000700b00000, 0x0000000700b00000| Complete 
|   2|0x0000000700c00000, 0x0000000700d00000, 0x0000000700d00000|100%| O|  |TAMS 0x0000000700c00000, 0x0000000700c00000| Untracked 
|   3|0x0000000700d00000, 0x0000000700e00000, 0x0000000700e00000|100%| O|  |TAMS 0x0000000700d00000, 0x0000000700d00000| Untracked 
|   4|0x0000000700e00000, 0x0000000700f00000, 0x0000000700f00000|100%| O|  |TAMS 0x0000000700e00000, 0x0000000700e00000| Untracked 
|   5|0x0000000700f00000, 0x0000000701000000, 0x0000000701000000|100%| O|  |TAMS 0x0000000700f00000, 0x0000000700f00000| Untracked 
|   6|0x0000000701000000, 0x0000000701100000, 0x0000000701100000|100%| O|  |TAMS 0x0000000701000000, 0x0000000701000000| Untracked 
|   7|0x0000000701100000, 0x0000000701200000, 0x0000000701200000|100%| O|  |TAMS 0x0000000701100000, 0x0000000701100000| Untracked 
|   8|0x0000000701200000, 0x0000000701300000, 0x0000000701300000|100%| O|  |TAMS 0x0000000701200000, 0x0000000701200000| Untracked 
|   9|0x0000000701300000, 0x0000000701400000, 0x0000000701400000|100%| O|  |TAMS 0x0000000701300000, 0x0000000701300000| Untracked 
|  10|0x0000000701400000, 0x00000007014d6800, 0x0000000701500000| 83%| O|  |TAMS 0x0000000701400000, 0x0000000701400000| Untracked 
|  11|0x0000000701500000, 0x0000000701600000, 0x0000000701600000|100%|HS|  |TAMS 0x0000000701500000, 0x0000000701500000| Complete 
|  12|0x0000000701600000, 0x0000000701700000, 0x0000000701700000|100%|HS|  |TAMS 0x0000000701600000, 0x0000000701600000| Complete 
|  13|0x0000000701700000, 0x0000000701800000, 0x0000000701800000|100%|HS|  |TAMS 0x0000000701700000, 0x0000000701700000| Complete 
|  14|0x0000000701800000, 0x0000000701800000, 0x0000000701900000|  0%| F|  |TAMS 0x0000000701800000, 0x0000000701800000| Untracked 
|  15|0x0000000701900000, 0x0000000701900000, 0x0000000701a00000|  0%| F|  |TAMS 0x0000000701900000, 0x0000000701900000| Untracked 
|  16|0x0000000701a00000, 0x0000000701a00000, 0x0000000701b00000|  0%| F|  |TAMS 0x0000000701a00000, 0x0000000701a00000| Untracked 
|  17|0x0000000701b00000, 0x0000000701b00000, 0x0000000701c00000|  0%| F|  |TAMS 0x0000000701b00000, 0x0000000701b00000| Untracked 
|  18|0x0000000701c00000, 0x0000000701c00000, 0x0000000701d00000|  0%| F|  |TAMS 0x0000000701c00000, 0x0000000701c00000| Untracked 
|  19|0x0000000701d00000, 0x0000000701d00000, 0x0000000701e00000|  0%| F|  |TAMS 0x0000000701d00000, 0x0000000701d00000| Untracked 
|  20|0x0000000701e00000, 0x0000000701e00000, 0x0000000701f00000|  0%| F|  |TAMS 0x0000000701e00000, 0x0000000701e00000| Untracked 
|  21|0x0000000701f00000, 0x0000000701f00000, 0x0000000702000000|  0%| F|  |TAMS 0x0000000701f00000, 0x0000000701f00000| Untracked 
|  22|0x0000000702000000, 0x0000000702000000, 0x0000000702100000|  0%| F|  |TAMS 0x0000000702000000, 0x0000000702000000| Untracked 
|  23|0x0000000702100000, 0x0000000702100000, 0x0000000702200000|  0%| F|  |TAMS 0x0000000702100000, 0x0000000702100000| Untracked 
|  24|0x0000000702200000, 0x0000000702200000, 0x0000000702300000|  0%| F|  |TAMS 0x0000000702200000, 0x0000000702200000| Untracked 
|  25|0x0000000702300000, 0x0000000702300000, 0x0000000702400000|  0%| F|  |TAMS 0x0000000702300000, 0x0000000702300000| Untracked 
|  26|0x0000000702400000, 0x0000000702400000, 0x0000000702500000|  0%| F|  |TAMS 0x0000000702400000, 0x0000000702400000| Untracked 
|  27|0x0000000702500000, 0x0000000702500000, 0x0000000702600000|  0%| F|  |TAMS 0x0000000702500000, 0x0000000702500000| Untracked 
|  28|0x0000000702600000, 0x0000000702600000, 0x0000000702700000|  0%| F|  |TAMS 0x0000000702600000, 0x0000000702600000| Untracked 
|  29|0x0000000702700000, 0x0000000702700000, 0x0000000702800000|  0%| F|  |TAMS 0x0000000702700000, 0x0000000702700000| Untracked 
|  30|0x0000000702800000, 0x0000000702800000, 0x0000000702900000|  0%| F|  |TAMS 0x0000000702800000, 0x0000000702800000| Untracked 
|  31|0x0000000702900000, 0x0000000702900000, 0x0000000702a00000|  0%| F|  |TAMS 0x0000000702900000, 0x0000000702900000| Untracked 
|  32|0x0000000702a00000, 0x0000000702a00000, 0x0000000702b00000|  0%| F|  |TAMS 0x0000000702a00000, 0x0000000702a00000| Untracked 
|  33|0x0000000702b00000, 0x0000000702b00000, 0x0000000702c00000|  0%| F|  |TAMS 0x0000000702b00000, 0x0000000702b00000| Untracked 
|  34|0x0000000702c00000, 0x0000000702c00000, 0x0000000702d00000|  0%| F|  |TAMS 0x0000000702c00000, 0x0000000702c00000| Untracked 
|  35|0x0000000702d00000, 0x0000000702d00000, 0x0000000702e00000|  0%| F|  |TAMS 0x0000000702d00000, 0x0000000702d00000| Untracked 
|  36|0x0000000702e00000, 0x0000000702e00000, 0x0000000702f00000|  0%| F|  |TAMS 0x0000000702e00000, 0x0000000702e00000| Untracked 
|  37|0x0000000702f00000, 0x0000000702f00000, 0x0000000703000000|  0%| F|  |TAMS 0x0000000702f00000, 0x0000000702f00000| Untracked 
|  38|0x0000000703000000, 0x0000000703000000, 0x0000000703100000|  0%| F|  |TAMS 0x0000000703000000, 0x0000000703000000| Untracked 
|  39|0x0000000703100000, 0x0000000703100000, 0x0000000703200000|  0%| F|  |TAMS 0x0000000703100000, 0x0000000703100000| Untracked 
|  40|0x0000000703200000, 0x0000000703200000, 0x0000000703300000|  0%| F|  |TAMS 0x0000000703200000, 0x0000000703200000| Untracked 
|  41|0x0000000703300000, 0x0000000703300000, 0x0000000703400000|  0%| F|  |TAMS 0x0000000703300000, 0x0000000703300000| Untracked 
|  42|0x0000000703400000, 0x0000000703400000, 0x0000000703500000|  0%| F|  |TAMS 0x0000000703400000, 0x0000000703400000| Untracked 
|  43|0x0000000703500000, 0x0000000703500000, 0x0000000703600000|  0%| F|  |TAMS 0x0000000703500000, 0x0000000703500000| Untracked 
|  44|0x0000000703600000, 0x0000000703600000, 0x0000000703700000|  0%| F|  |TAMS 0x0000000703600000, 0x0000000703600000| Untracked 
|  45|0x0000000703700000, 0x0000000703700000, 0x0000000703800000|  0%| F|  |TAMS 0x0000000703700000, 0x0000000703700000| Untracked 
|  46|0x0000000703800000, 0x0000000703800000, 0x0000000703900000|  0%| F|  |TAMS 0x0000000703800000, 0x0000000703800000| Untracked 
|  47|0x0000000703900000, 0x0000000703900000, 0x0000000703a00000|  0%| F|  |TAMS 0x0000000703900000, 0x0000000703900000| Untracked 
|  48|0x0000000703a00000, 0x0000000703a00000, 0x0000000703b00000|  0%| F|  |TAMS 0x0000000703a00000, 0x0000000703a00000| Untracked 
|  49|0x0000000703b00000, 0x0000000703b00000, 0x0000000703c00000|  0%| F|  |TAMS 0x0000000703b00000, 0x0000000703b00000| Untracked 
|  50|0x0000000703c00000, 0x0000000703c00000, 0x0000000703d00000|  0%| F|  |TAMS 0x0000000703c00000, 0x0000000703c00000| Untracked 
|  51|0x0000000703d00000, 0x0000000703d00000, 0x0000000703e00000|  0%| F|  |TAMS 0x0000000703d00000, 0x0000000703d00000| Untracked 
|  52|0x0000000703e00000, 0x0000000703e00000, 0x0000000703f00000|  0%| F|  |TAMS 0x0000000703e00000, 0x0000000703e00000| Untracked 
|  53|0x0000000703f00000, 0x0000000703f00000, 0x0000000704000000|  0%| F|  |TAMS 0x0000000703f00000, 0x0000000703f00000| Untracked 
|  54|0x0000000704000000, 0x0000000704000000, 0x0000000704100000|  0%| F|  |TAMS 0x0000000704000000, 0x0000000704000000| Untracked 
|  55|0x0000000704100000, 0x0000000704100000, 0x0000000704200000|  0%| F|  |TAMS 0x0000000704100000, 0x0000000704100000| Untracked 
|  56|0x0000000704200000, 0x0000000704200000, 0x0000000704300000|  0%| F|  |TAMS 0x0000000704200000, 0x0000000704200000| Untracked 
|  57|0x0000000704300000, 0x0000000704300000, 0x0000000704400000|  0%| F|  |TAMS 0x0000000704300000, 0x0000000704300000| Untracked 
|  58|0x0000000704400000, 0x0000000704400000, 0x0000000704500000|  0%| F|  |TAMS 0x0000000704400000, 0x0000000704400000| Untracked 
|  59|0x0000000704500000, 0x0000000704500000, 0x0000000704600000|  0%| F|  |TAMS 0x0000000704500000, 0x0000000704500000| Untracked 
|  60|0x0000000704600000, 0x0000000704600000, 0x0000000704700000|  0%| F|  |TAMS 0x0000000704600000, 0x0000000704600000| Untracked 
|  61|0x0000000704700000, 0x0000000704700000, 0x0000000704800000|  0%| F|  |TAMS 0x0000000704700000, 0x0000000704700000| Untracked 
|  62|0x0000000704800000, 0x0000000704800000, 0x0000000704900000|  0%| F|  |TAMS 0x0000000704800000, 0x0000000704800000| Untracked 
|  63|0x0000000704900000, 0x0000000704900000, 0x0000000704a00000|  0%| F|  |TAMS 0x0000000704900000, 0x0000000704900000| Untracked 
|  64|0x0000000704a00000, 0x0000000704a00000, 0x0000000704b00000|  0%| F|  |TAMS 0x0000000704a00000, 0x0000000704a00000| Untracked 
|  65|0x0000000704b00000, 0x0000000704b00000, 0x0000000704c00000|  0%| F|  |TAMS 0x0000000704b00000, 0x0000000704b00000| Untracked 
|  66|0x0000000704c00000, 0x0000000704c00000, 0x0000000704d00000|  0%| F|  |TAMS 0x0000000704c00000, 0x0000000704c00000| Untracked 
|  67|0x0000000704d00000, 0x0000000704d00000, 0x0000000704e00000|  0%| F|  |TAMS 0x0000000704d00000, 0x0000000704d00000| Untracked 
|  68|0x0000000704e00000, 0x0000000704e00000, 0x0000000704f00000|  0%| F|  |TAMS 0x0000000704e00000, 0x0000000704e00000| Untracked 
|  69|0x0000000704f00000, 0x0000000704f00000, 0x0000000705000000|  0%| F|  |TAMS 0x0000000704f00000, 0x0000000704f00000| Untracked 
|  70|0x0000000705000000, 0x0000000705000000, 0x0000000705100000|  0%| F|  |TAMS 0x0000000705000000, 0x0000000705000000| Untracked 
|  71|0x0000000705100000, 0x0000000705100000, 0x0000000705200000|  0%| F|  |TAMS 0x0000000705100000, 0x0000000705100000| Untracked 
|  72|0x0000000705200000, 0x0000000705200000, 0x0000000705300000|  0%| F|  |TAMS 0x0000000705200000, 0x0000000705200000| Untracked 
|  73|0x0000000705300000, 0x0000000705300000, 0x0000000705400000|  0%| F|  |TAMS 0x0000000705300000, 0x0000000705300000| Untracked 
|  74|0x0000000705400000, 0x0000000705400000, 0x0000000705500000|  0%| F|  |TAMS 0x0000000705400000, 0x0000000705400000| Untracked 
|  75|0x0000000705500000, 0x0000000705500000, 0x0000000705600000|  0%| F|  |TAMS 0x0000000705500000, 0x0000000705500000| Untracked 
|  76|0x0000000705600000, 0x0000000705600000, 0x0000000705700000|  0%| F|  |TAMS 0x0000000705600000, 0x0000000705600000| Untracked 
|  77|0x0000000705700000, 0x0000000705700000, 0x0000000705800000|  0%| F|  |TAMS 0x0000000705700000, 0x0000000705700000| Untracked 
|  78|0x0000000705800000, 0x0000000705800000, 0x0000000705900000|  0%| F|  |TAMS 0x0000000705800000, 0x0000000705800000| Untracked 
|  79|0x0000000705900000, 0x0000000705900000, 0x0000000705a00000|  0%| F|  |TAMS 0x0000000705900000, 0x0000000705900000| Untracked 
|  80|0x0000000705a00000, 0x0000000705a00000, 0x0000000705b00000|  0%| F|  |TAMS 0x0000000705a00000, 0x0000000705a00000| Untracked 
|  81|0x0000000705b00000, 0x0000000705b00000, 0x0000000705c00000|  0%| F|  |TAMS 0x0000000705b00000, 0x0000000705b00000| Untracked 
|  82|0x0000000705c00000, 0x0000000705c00000, 0x0000000705d00000|  0%| F|  |TAMS 0x0000000705c00000, 0x0000000705c00000| Untracked 
|  83|0x0000000705d00000, 0x0000000705d00000, 0x0000000705e00000|  0%| F|  |TAMS 0x0000000705d00000, 0x0000000705d00000| Untracked 
|  84|0x0000000705e00000, 0x0000000705e00000, 0x0000000705f00000|  0%| F|  |TAMS 0x0000000705e00000, 0x0000000705e00000| Untracked 
|  85|0x0000000705f00000, 0x0000000705f00000, 0x0000000706000000|  0%| F|  |TAMS 0x0000000705f00000, 0x0000000705f00000| Untracked 
|  86|0x0000000706000000, 0x0000000706000000, 0x0000000706100000|  0%| F|  |TAMS 0x0000000706000000, 0x0000000706000000| Untracked 
|  87|0x0000000706100000, 0x0000000706100000, 0x0000000706200000|  0%| F|  |TAMS 0x0000000706100000, 0x0000000706100000| Untracked 
|  88|0x0000000706200000, 0x0000000706200000, 0x0000000706300000|  0%| F|  |TAMS 0x0000000706200000, 0x0000000706200000| Untracked 
|  89|0x0000000706300000, 0x0000000706300000, 0x0000000706400000|  0%| F|  |TAMS 0x0000000706300000, 0x0000000706300000| Untracked 
|  90|0x0000000706400000, 0x0000000706400000, 0x0000000706500000|  0%| F|  |TAMS 0x0000000706400000, 0x0000000706400000| Untracked 
|  91|0x0000000706500000, 0x0000000706500000, 0x0000000706600000|  0%| F|  |TAMS 0x0000000706500000, 0x0000000706500000| Untracked 
|  92|0x0000000706600000, 0x0000000706600000, 0x0000000706700000|  0%| F|  |TAMS 0x0000000706600000, 0x0000000706600000| Untracked 
|  93|0x0000000706700000, 0x00000007067542b0, 0x0000000706800000| 32%| S|  |TAMS 0x0000000706700000, 0x0000000706700000| Complete 
|  94|0x0000000706800000, 0x0000000706900000, 0x0000000706900000|100%| S|  |TAMS 0x0000000706800000, 0x0000000706800000| Complete 
|  95|0x0000000706900000, 0x0000000706a00000, 0x0000000706a00000|100%| S|  |TAMS 0x0000000706900000, 0x0000000706900000| Complete 
|  96|0x0000000706a00000, 0x0000000706b00000, 0x0000000706b00000|100%| S|  |TAMS 0x0000000706a00000, 0x0000000706a00000| Complete 
|  97|0x0000000706b00000, 0x0000000706c00000, 0x0000000706c00000|100%| S|  |TAMS 0x0000000706b00000, 0x0000000706b00000| Complete 
|  98|0x0000000706c00000, 0x0000000706d00000, 0x0000000706d00000|100%| S|  |TAMS 0x0000000706c00000, 0x0000000706c00000| Complete 
|  99|0x0000000706d00000, 0x0000000706e00000, 0x0000000706e00000|100%| S|  |TAMS 0x0000000706d00000, 0x0000000706d00000| Complete 
| 100|0x0000000706e00000, 0x0000000706f00000, 0x0000000706f00000|100%| S|  |TAMS 0x0000000706e00000, 0x0000000706e00000| Complete 
| 101|0x0000000706f00000, 0x0000000707000000, 0x0000000707000000|100%| S|  |TAMS 0x0000000706f00000, 0x0000000706f00000| Complete 
| 102|0x0000000707000000, 0x0000000707100000, 0x0000000707100000|100%| S|  |TAMS 0x0000000707000000, 0x0000000707000000| Complete 
| 103|0x0000000707100000, 0x0000000707200000, 0x0000000707200000|100%| E|CS|TAMS 0x0000000707100000, 0x0000000707100000| Complete 
| 104|0x0000000707200000, 0x0000000707300000, 0x0000000707300000|100%| E|CS|TAMS 0x0000000707200000, 0x0000000707200000| Complete 
| 105|0x0000000707300000, 0x0000000707400000, 0x0000000707400000|100%| E|CS|TAMS 0x0000000707300000, 0x0000000707300000| Complete 
| 106|0x0000000707400000, 0x0000000707500000, 0x0000000707500000|100%| E|CS|TAMS 0x0000000707400000, 0x0000000707400000| Complete 
| 107|0x0000000707500000, 0x0000000707600000, 0x0000000707600000|100%| E|CS|TAMS 0x0000000707500000, 0x0000000707500000| Complete 
| 108|0x0000000707600000, 0x0000000707700000, 0x0000000707700000|100%| E|CS|TAMS 0x0000000707600000, 0x0000000707600000| Complete 
| 109|0x0000000707700000, 0x0000000707800000, 0x0000000707800000|100%| E|CS|TAMS 0x0000000707700000, 0x0000000707700000| Complete 
| 110|0x0000000707800000, 0x0000000707900000, 0x0000000707900000|100%| E|CS|TAMS 0x0000000707800000, 0x0000000707800000| Complete 
| 111|0x0000000707900000, 0x0000000707a00000, 0x0000000707a00000|100%| E|CS|TAMS 0x0000000707900000, 0x0000000707900000| Complete 
| 112|0x0000000707a00000, 0x0000000707b00000, 0x0000000707b00000|100%| E|CS|TAMS 0x0000000707a00000, 0x0000000707a00000| Complete 
| 113|0x0000000707b00000, 0x0000000707c00000, 0x0000000707c00000|100%| E|CS|TAMS 0x0000000707b00000, 0x0000000707b00000| Complete 
| 114|0x0000000707c00000, 0x0000000707d00000, 0x0000000707d00000|100%| E|CS|TAMS 0x0000000707c00000, 0x0000000707c00000| Complete 
| 115|0x0000000707d00000, 0x0000000707e00000, 0x0000000707e00000|100%| E|CS|TAMS 0x0000000707d00000, 0x0000000707d00000| Complete 
| 116|0x0000000707e00000, 0x0000000707f00000, 0x0000000707f00000|100%| E|CS|TAMS 0x0000000707e00000, 0x0000000707e00000| Complete 
| 117|0x0000000707f00000, 0x0000000708000000, 0x0000000708000000|100%| E|CS|TAMS 0x0000000707f00000, 0x0000000707f00000| Complete 
| 118|0x0000000708000000, 0x0000000708100000, 0x0000000708100000|100%| E|CS|TAMS 0x0000000708000000, 0x0000000708000000| Complete 
| 119|0x0000000708100000, 0x0000000708200000, 0x0000000708200000|100%| E|CS|TAMS 0x0000000708100000, 0x0000000708100000| Complete 
| 120|0x0000000708200000, 0x0000000708300000, 0x0000000708300000|100%| E|CS|TAMS 0x0000000708200000, 0x0000000708200000| Complete 
| 121|0x0000000708300000, 0x0000000708400000, 0x0000000708400000|100%| E|CS|TAMS 0x0000000708300000, 0x0000000708300000| Complete 
| 122|0x0000000708400000, 0x0000000708500000, 0x0000000708500000|100%| E|CS|TAMS 0x0000000708400000, 0x0000000708400000| Complete 
| 123|0x0000000708500000, 0x0000000708600000, 0x0000000708600000|100%| E|CS|TAMS 0x0000000708500000, 0x0000000708500000| Complete 
| 124|0x0000000708600000, 0x0000000708700000, 0x0000000708700000|100%| E|CS|TAMS 0x0000000708600000, 0x0000000708600000| Complete 
| 125|0x0000000708700000, 0x0000000708800000, 0x0000000708800000|100%| E|CS|TAMS 0x0000000708700000, 0x0000000708700000| Complete 
| 126|0x0000000708800000, 0x0000000708900000, 0x0000000708900000|100%| E|CS|TAMS 0x0000000708800000, 0x0000000708800000| Complete 
| 127|0x0000000708900000, 0x0000000708a00000, 0x0000000708a00000|100%| E|CS|TAMS 0x0000000708900000, 0x0000000708900000| Complete 
| 128|0x0000000708a00000, 0x0000000708b00000, 0x0000000708b00000|100%| E|CS|TAMS 0x0000000708a00000, 0x0000000708a00000| Complete 
| 129|0x0000000708b00000, 0x0000000708c00000, 0x0000000708c00000|100%| E|CS|TAMS 0x0000000708b00000, 0x0000000708b00000| Complete 
| 130|0x0000000708c00000, 0x0000000708d00000, 0x0000000708d00000|100%| E|CS|TAMS 0x0000000708c00000, 0x0000000708c00000| Complete 
| 131|0x0000000708d00000, 0x0000000708e00000, 0x0000000708e00000|100%| E|CS|TAMS 0x0000000708d00000, 0x0000000708d00000| Complete 
| 132|0x0000000708e00000, 0x0000000708f00000, 0x0000000708f00000|100%| E|CS|TAMS 0x0000000708e00000, 0x0000000708e00000| Complete 
| 133|0x0000000708f00000, 0x0000000709000000, 0x0000000709000000|100%| E|CS|TAMS 0x0000000708f00000, 0x0000000708f00000| Complete 
| 134|0x0000000709000000, 0x0000000709100000, 0x0000000709100000|100%| E|CS|TAMS 0x0000000709000000, 0x0000000709000000| Complete 
| 135|0x0000000709100000, 0x0000000709200000, 0x0000000709200000|100%| E|CS|TAMS 0x0000000709100000, 0x0000000709100000| Complete 
| 136|0x0000000709200000, 0x0000000709300000, 0x0000000709300000|100%| E|CS|TAMS 0x0000000709200000, 0x0000000709200000| Complete 
| 137|0x0000000709300000, 0x0000000709400000, 0x0000000709400000|100%| E|CS|TAMS 0x0000000709300000, 0x0000000709300000| Complete 
| 138|0x0000000709400000, 0x0000000709500000, 0x0000000709500000|100%| E|CS|TAMS 0x0000000709400000, 0x0000000709400000| Complete 
| 139|0x0000000709500000, 0x0000000709600000, 0x0000000709600000|100%| E|CS|TAMS 0x0000000709500000, 0x0000000709500000| Complete 
| 140|0x0000000709600000, 0x0000000709700000, 0x0000000709700000|100%| E|CS|TAMS 0x0000000709600000, 0x0000000709600000| Complete 
| 141|0x0000000709700000, 0x0000000709800000, 0x0000000709800000|100%| E|CS|TAMS 0x0000000709700000, 0x0000000709700000| Complete 
| 142|0x0000000709800000, 0x0000000709900000, 0x0000000709900000|100%| E|CS|TAMS 0x0000000709800000, 0x0000000709800000| Complete 
| 143|0x0000000709900000, 0x0000000709a00000, 0x0000000709a00000|100%| E|CS|TAMS 0x0000000709900000, 0x0000000709900000| Complete 
| 144|0x0000000709a00000, 0x0000000709b00000, 0x0000000709b00000|100%| E|CS|TAMS 0x0000000709a00000, 0x0000000709a00000| Complete 
| 145|0x0000000709b00000, 0x0000000709c00000, 0x0000000709c00000|100%| E|CS|TAMS 0x0000000709b00000, 0x0000000709b00000| Complete 
| 146|0x0000000709c00000, 0x0000000709d00000, 0x0000000709d00000|100%| E|CS|TAMS 0x0000000709c00000, 0x0000000709c00000| Complete 
| 147|0x0000000709d00000, 0x0000000709e00000, 0x0000000709e00000|100%| E|CS|TAMS 0x0000000709d00000, 0x0000000709d00000| Complete 
| 148|0x0000000709e00000, 0x0000000709f00000, 0x0000000709f00000|100%| E|CS|TAMS 0x0000000709e00000, 0x0000000709e00000| Complete 
| 149|0x0000000709f00000, 0x000000070a000000, 0x000000070a000000|100%| E|CS|TAMS 0x0000000709f00000, 0x0000000709f00000| Complete 
| 150|0x000000070a000000, 0x000000070a0be3c8, 0x000000070a100000| 74%| E|CS|TAMS 0x000000070a000000, 0x000000070a000000| Complete 
| 151|0x000000070a100000, 0x000000070a200000, 0x000000070a200000|100%| E|CS|TAMS 0x000000070a100000, 0x000000070a100000| Complete 
| 152|0x000000070a200000, 0x000000070a300000, 0x000000070a300000|100%| E|CS|TAMS 0x000000070a200000, 0x000000070a200000| Complete 
| 153|0x000000070a300000, 0x000000070a400000, 0x000000070a400000|100%| E|CS|TAMS 0x000000070a300000, 0x000000070a300000| Complete 
| 154|0x000000070a400000, 0x000000070a500000, 0x000000070a500000|100%| E|CS|TAMS 0x000000070a400000, 0x000000070a400000| Complete 
| 155|0x000000070a500000, 0x000000070a600000, 0x000000070a600000|100%| E|CS|TAMS 0x000000070a500000, 0x000000070a500000| Complete 
| 156|0x000000070a600000, 0x000000070a700000, 0x000000070a700000|100%| E|CS|TAMS 0x000000070a600000, 0x000000070a600000| Complete 
| 157|0x000000070a700000, 0x000000070a800000, 0x000000070a800000|100%| E|CS|TAMS 0x000000070a700000, 0x000000070a700000| Complete 
| 158|0x000000070a800000, 0x000000070a900000, 0x000000070a900000|100%| E|CS|TAMS 0x000000070a800000, 0x000000070a800000| Complete 
| 159|0x000000070a900000, 0x000000070aa00000, 0x000000070aa00000|100%| E|CS|TAMS 0x000000070a900000, 0x000000070a900000| Complete 
| 160|0x000000070aa00000, 0x000000070ab00000, 0x000000070ab00000|100%| E|CS|TAMS 0x000000070aa00000, 0x000000070aa00000| Complete 
| 161|0x000000070ab00000, 0x000000070ac00000, 0x000000070ac00000|100%| E|CS|TAMS 0x000000070ab00000, 0x000000070ab00000| Complete 
| 162|0x000000070ac00000, 0x000000070ad00000, 0x000000070ad00000|100%| E|CS|TAMS 0x000000070ac00000, 0x000000070ac00000| Complete 
| 163|0x000000070ad00000, 0x000000070ae00000, 0x000000070ae00000|100%| E|CS|TAMS 0x000000070ad00000, 0x000000070ad00000| Complete 
| 164|0x000000070ae00000, 0x000000070af00000, 0x000000070af00000|100%| E|CS|TAMS 0x000000070ae00000, 0x000000070ae00000| Complete 
| 165|0x000000070af00000, 0x000000070b000000, 0x000000070b000000|100%| E|CS|TAMS 0x000000070af00000, 0x000000070af00000| Complete 
| 166|0x000000070b000000, 0x000000070b100000, 0x000000070b100000|100%| E|CS|TAMS 0x000000070b000000, 0x000000070b000000| Complete 
| 167|0x000000070b100000, 0x000000070b200000, 0x000000070b200000|100%| E|CS|TAMS 0x000000070b100000, 0x000000070b100000| Complete 
| 168|0x000000070b200000, 0x000000070b300000, 0x000000070b300000|100%| E|CS|TAMS 0x000000070b200000, 0x000000070b200000| Complete 
| 169|0x000000070b300000, 0x000000070b400000, 0x000000070b400000|100%| E|CS|TAMS 0x000000070b300000, 0x000000070b300000| Complete 
| 170|0x000000070b400000, 0x000000070b500000, 0x000000070b500000|100%| E|CS|TAMS 0x000000070b400000, 0x000000070b400000| Complete 
| 171|0x000000070b500000, 0x000000070b600000, 0x000000070b600000|100%| E|CS|TAMS 0x000000070b500000, 0x000000070b500000| Complete 
| 172|0x000000070b600000, 0x000000070b700000, 0x000000070b700000|100%| E|CS|TAMS 0x000000070b600000, 0x000000070b600000| Complete 
| 173|0x000000070b700000, 0x000000070b800000, 0x000000070b800000|100%| E|CS|TAMS 0x000000070b700000, 0x000000070b700000| Complete 
| 174|0x000000070b800000, 0x000000070b900000, 0x000000070b900000|100%| E|CS|TAMS 0x000000070b800000, 0x000000070b800000| Complete 
| 175|0x000000070b900000, 0x000000070ba00000, 0x000000070ba00000|100%| E|CS|TAMS 0x000000070b900000, 0x000000070b900000| Complete 
| 176|0x000000070ba00000, 0x000000070bb00000, 0x000000070bb00000|100%| E|CS|TAMS 0x000000070ba00000, 0x000000070ba00000| Complete 
| 177|0x000000070bb00000, 0x000000070bc00000, 0x000000070bc00000|100%| E|CS|TAMS 0x000000070bb00000, 0x000000070bb00000| Complete 
| 178|0x000000070bc00000, 0x000000070bd00000, 0x000000070bd00000|100%| E|CS|TAMS 0x000000070bc00000, 0x000000070bc00000| Complete 
| 179|0x000000070bd00000, 0x000000070be00000, 0x000000070be00000|100%| E|CS|TAMS 0x000000070bd00000, 0x000000070bd00000| Complete 
| 180|0x000000070be00000, 0x000000070bf00000, 0x000000070bf00000|100%| E|CS|TAMS 0x000000070be00000, 0x000000070be00000| Complete 
| 181|0x000000070bf00000, 0x000000070c000000, 0x000000070c000000|100%| E|CS|TAMS 0x000000070bf00000, 0x000000070bf00000| Complete 
| 182|0x000000070c000000, 0x000000070c100000, 0x000000070c100000|100%| E|CS|TAMS 0x000000070c000000, 0x000000070c000000| Complete 
| 183|0x000000070c100000, 0x000000070c200000, 0x000000070c200000|100%| E|CS|TAMS 0x000000070c100000, 0x000000070c100000| Complete 
| 184|0x000000070c200000, 0x000000070c300000, 0x000000070c300000|100%| E|CS|TAMS 0x000000070c200000, 0x000000070c200000| Complete 
| 185|0x000000070c300000, 0x000000070c400000, 0x000000070c400000|100%| E|CS|TAMS 0x000000070c300000, 0x000000070c300000| Complete 
| 186|0x000000070c400000, 0x000000070c500000, 0x000000070c500000|100%| E|CS|TAMS 0x000000070c400000, 0x000000070c400000| Complete 
| 187|0x000000070c500000, 0x000000070c600000, 0x000000070c600000|100%| E|CS|TAMS 0x000000070c500000, 0x000000070c500000| Complete 
| 188|0x000000070c600000, 0x000000070c700000, 0x000000070c700000|100%| E|CS|TAMS 0x000000070c600000, 0x000000070c600000| Complete 
| 189|0x000000070c700000, 0x000000070c800000, 0x000000070c800000|100%| E|CS|TAMS 0x000000070c700000, 0x000000070c700000| Complete 
| 190|0x000000070c800000, 0x000000070c900000, 0x000000070c900000|100%| E|CS|TAMS 0x000000070c800000, 0x000000070c800000| Complete 
| 191|0x000000070c900000, 0x000000070ca00000, 0x000000070ca00000|100%| E|CS|TAMS 0x000000070c900000, 0x000000070c900000| Complete 
| 192|0x000000070ca00000, 0x000000070cb00000, 0x000000070cb00000|100%| E|CS|TAMS 0x000000070ca00000, 0x000000070ca00000| Complete 
| 193|0x000000070cb00000, 0x000000070cc00000, 0x000000070cc00000|100%| E|CS|TAMS 0x000000070cb00000, 0x000000070cb00000| Complete 
| 194|0x000000070cc00000, 0x000000070cd00000, 0x000000070cd00000|100%| E|CS|TAMS 0x000000070cc00000, 0x000000070cc00000| Complete 
| 195|0x000000070cd00000, 0x000000070ce00000, 0x000000070ce00000|100%| E|CS|TAMS 0x000000070cd00000, 0x000000070cd00000| Complete 
| 196|0x000000070ce00000, 0x000000070cf00000, 0x000000070cf00000|100%| E|CS|TAMS 0x000000070ce00000, 0x000000070ce00000| Complete 
| 197|0x000000070cf00000, 0x000000070d000000, 0x000000070d000000|100%| E|CS|TAMS 0x000000070cf00000, 0x000000070cf00000| Complete 
| 198|0x000000070d000000, 0x000000070d100000, 0x000000070d100000|100%| E|CS|TAMS 0x000000070d000000, 0x000000070d000000| Complete 
| 199|0x000000070d100000, 0x000000070d200000, 0x000000070d200000|100%| E|CS|TAMS 0x000000070d100000, 0x000000070d100000| Complete 
| 200|0x000000070d200000, 0x000000070d300000, 0x000000070d300000|100%| E|CS|TAMS 0x000000070d200000, 0x000000070d200000| Complete 
| 201|0x000000070d300000, 0x000000070d400000, 0x000000070d400000|100%| E|CS|TAMS 0x000000070d300000, 0x000000070d300000| Complete 
| 202|0x000000070d400000, 0x000000070d500000, 0x000000070d500000|100%| E|CS|TAMS 0x000000070d400000, 0x000000070d400000| Complete 
| 203|0x000000070d500000, 0x000000070d600000, 0x000000070d600000|100%| E|CS|TAMS 0x000000070d500000, 0x000000070d500000| Complete 
| 204|0x000000070d600000, 0x000000070d700000, 0x000000070d700000|100%| E|CS|TAMS 0x000000070d600000, 0x000000070d600000| Complete 
| 205|0x000000070d700000, 0x000000070d800000, 0x000000070d800000|100%| E|CS|TAMS 0x000000070d700000, 0x000000070d700000| Complete 
| 206|0x000000070d800000, 0x000000070d900000, 0x000000070d900000|100%| E|CS|TAMS 0x000000070d800000, 0x000000070d800000| Complete 
| 207|0x000000070d900000, 0x000000070da00000, 0x000000070da00000|100%| E|CS|TAMS 0x000000070d900000, 0x000000070d900000| Complete 
| 208|0x000000070da00000, 0x000000070db00000, 0x000000070db00000|100%| E|CS|TAMS 0x000000070da00000, 0x000000070da00000| Complete 
| 209|0x000000070db00000, 0x000000070dc00000, 0x000000070dc00000|100%| E|CS|TAMS 0x000000070db00000, 0x000000070db00000| Complete 
| 210|0x000000070dc00000, 0x000000070dd00000, 0x000000070dd00000|100%| E|CS|TAMS 0x000000070dc00000, 0x000000070dc00000| Complete 
| 211|0x000000070dd00000, 0x000000070de00000, 0x000000070de00000|100%| E|CS|TAMS 0x000000070dd00000, 0x000000070dd00000| Complete 
| 212|0x000000070de00000, 0x000000070df00000, 0x000000070df00000|100%| E|CS|TAMS 0x000000070de00000, 0x000000070de00000| Complete 
| 213|0x000000070df00000, 0x000000070e000000, 0x000000070e000000|100%| E|CS|TAMS 0x000000070df00000, 0x000000070df00000| Complete 
| 214|0x000000070e000000, 0x000000070e100000, 0x000000070e100000|100%| E|CS|TAMS 0x000000070e000000, 0x000000070e000000| Complete 
| 215|0x000000070e100000, 0x000000070e200000, 0x000000070e200000|100%| E|CS|TAMS 0x000000070e100000, 0x000000070e100000| Complete 
| 216|0x000000070e200000, 0x000000070e300000, 0x000000070e300000|100%| E|CS|TAMS 0x000000070e200000, 0x000000070e200000| Complete 
| 217|0x000000070e300000, 0x000000070e400000, 0x000000070e400000|100%| E|CS|TAMS 0x000000070e300000, 0x000000070e300000| Complete 
| 218|0x000000070e400000, 0x000000070e500000, 0x000000070e500000|100%| E|CS|TAMS 0x000000070e400000, 0x000000070e400000| Complete 
| 219|0x000000070e500000, 0x000000070e600000, 0x000000070e600000|100%| E|CS|TAMS 0x000000070e500000, 0x000000070e500000| Complete 
| 220|0x000000070e600000, 0x000000070e700000, 0x000000070e700000|100%| E|CS|TAMS 0x000000070e600000, 0x000000070e600000| Complete 
| 221|0x000000070e700000, 0x000000070e800000, 0x000000070e800000|100%| E|CS|TAMS 0x000000070e700000, 0x000000070e700000| Complete 
| 222|0x000000070e800000, 0x000000070e900000, 0x000000070e900000|100%| E|CS|TAMS 0x000000070e800000, 0x000000070e800000| Complete 
| 223|0x000000070e900000, 0x000000070ea00000, 0x000000070ea00000|100%| E|CS|TAMS 0x000000070e900000, 0x000000070e900000| Complete 
| 224|0x000000070ea00000, 0x000000070eb00000, 0x000000070eb00000|100%| E|CS|TAMS 0x000000070ea00000, 0x000000070ea00000| Complete 
| 225|0x000000070eb00000, 0x000000070ec00000, 0x000000070ec00000|100%| E|CS|TAMS 0x000000070eb00000, 0x000000070eb00000| Complete 
| 226|0x000000070ec00000, 0x000000070ed00000, 0x000000070ed00000|100%| E|CS|TAMS 0x000000070ec00000, 0x000000070ec00000| Complete 
| 227|0x000000070ed00000, 0x000000070ee00000, 0x000000070ee00000|100%| E|CS|TAMS 0x000000070ed00000, 0x000000070ed00000| Complete 
| 228|0x000000070ee00000, 0x000000070ef00000, 0x000000070ef00000|100%| E|CS|TAMS 0x000000070ee00000, 0x000000070ee00000| Complete 
| 229|0x000000070ef00000, 0x000000070f000000, 0x000000070f000000|100%| E|CS|TAMS 0x000000070ef00000, 0x000000070ef00000| Complete 
| 230|0x000000070f000000, 0x000000070f100000, 0x000000070f100000|100%| E|CS|TAMS 0x000000070f000000, 0x000000070f000000| Complete 
| 231|0x000000070f100000, 0x000000070f200000, 0x000000070f200000|100%| E|CS|TAMS 0x000000070f100000, 0x000000070f100000| Complete 
| 232|0x000000070f200000, 0x000000070f300000, 0x000000070f300000|100%| E|CS|TAMS 0x000000070f200000, 0x000000070f200000| Complete 
| 233|0x000000070f300000, 0x000000070f400000, 0x000000070f400000|100%| E|CS|TAMS 0x000000070f300000, 0x000000070f300000| Complete 
| 234|0x000000070f400000, 0x000000070f500000, 0x000000070f500000|100%| E|CS|TAMS 0x000000070f400000, 0x000000070f400000| Complete 
| 235|0x000000070f500000, 0x000000070f600000, 0x000000070f600000|100%| E|CS|TAMS 0x000000070f500000, 0x000000070f500000| Complete 
| 236|0x000000070f600000, 0x000000070f700000, 0x000000070f700000|100%| E|CS|TAMS 0x000000070f600000, 0x000000070f600000| Complete 
| 237|0x000000070f700000, 0x000000070f800000, 0x000000070f800000|100%| E|CS|TAMS 0x000000070f700000, 0x000000070f700000| Complete 
| 238|0x000000070f800000, 0x000000070f900000, 0x000000070f900000|100%| E|CS|TAMS 0x000000070f800000, 0x000000070f800000| Complete 
| 239|0x000000070f900000, 0x000000070fa00000, 0x000000070fa00000|100%| E|CS|TAMS 0x000000070f900000, 0x000000070f900000| Complete 
| 240|0x000000070fa00000, 0x000000070fb00000, 0x000000070fb00000|100%| E|CS|TAMS 0x000000070fa00000, 0x000000070fa00000| Complete 
| 241|0x000000070fb00000, 0x000000070fc00000, 0x000000070fc00000|100%| E|CS|TAMS 0x000000070fb00000, 0x000000070fb00000| Complete 
| 242|0x000000070fc00000, 0x000000070fd00000, 0x000000070fd00000|100%| E|CS|TAMS 0x000000070fc00000, 0x000000070fc00000| Complete 
| 243|0x000000070fd00000, 0x000000070fe00000, 0x000000070fe00000|100%| E|CS|TAMS 0x000000070fd00000, 0x000000070fd00000| Complete 
| 244|0x000000070fe00000, 0x000000070ff00000, 0x000000070ff00000|100%| E|CS|TAMS 0x000000070fe00000, 0x000000070fe00000| Complete 
| 245|0x000000070ff00000, 0x0000000710000000, 0x0000000710000000|100%| E|CS|TAMS 0x000000070ff00000, 0x000000070ff00000| Complete 
| 246|0x0000000710000000, 0x0000000710100000, 0x0000000710100000|100%| E|CS|TAMS 0x0000000710000000, 0x0000000710000000| Complete 
| 247|0x0000000710100000, 0x0000000710200000, 0x0000000710200000|100%| E|CS|TAMS 0x0000000710100000, 0x0000000710100000| Complete 
| 248|0x0000000710200000, 0x0000000710300000, 0x0000000710300000|100%| E|CS|TAMS 0x0000000710200000, 0x0000000710200000| Complete 
| 249|0x0000000710300000, 0x0000000710400000, 0x0000000710400000|100%| E|CS|TAMS 0x0000000710300000, 0x0000000710300000| Complete 
| 250|0x0000000710400000, 0x0000000710500000, 0x0000000710500000|100%| E|CS|TAMS 0x0000000710400000, 0x0000000710400000| Complete 
| 251|0x0000000710500000, 0x0000000710600000, 0x0000000710600000|100%| E|CS|TAMS 0x0000000710500000, 0x0000000710500000| Complete 
| 252|0x0000000710600000, 0x0000000710700000, 0x0000000710700000|100%| E|CS|TAMS 0x0000000710600000, 0x0000000710600000| Complete 
| 253|0x0000000710700000, 0x0000000710800000, 0x0000000710800000|100%| E|CS|TAMS 0x0000000710700000, 0x0000000710700000| Complete 
| 254|0x0000000710800000, 0x0000000710900000, 0x0000000710900000|100%| E|CS|TAMS 0x0000000710800000, 0x0000000710800000| Complete 
| 255|0x0000000710900000, 0x0000000710a00000, 0x0000000710a00000|100%| E|CS|TAMS 0x0000000710900000, 0x0000000710900000| Complete 

Card table byte_map: [0x0000021ed92d0000,0x0000021ed9ad0000] _byte_map_base: 0x0000021ed5acb000

Marking Bits (Prev, Next): (CMBitMap*) 0x0000021ec13f2380, (CMBitMap*) 0x0000021ec13f2348
 Prev Bits: [0x0000021ede2b0000, 0x0000021ee2288000)
 Next Bits: [0x0000021eda2d0000, 0x0000021ede2a8000)

Polling page: 0x0000021ebf370000

Metaspace:

Usage:
  Non-class:     29.02 MB capacity,    28.62 MB ( 99%) used,   351.05 KB (  1%) free+waste,    58.13 KB ( <1%) overhead. 
      Class:      3.71 MB capacity,     3.41 MB ( 92%) used,   273.16 KB (  7%) free+waste,    25.19 KB ( <1%) overhead. 
       Both:     32.73 MB capacity,    32.04 MB ( 98%) used,   624.21 KB (  2%) free+waste,    83.31 KB ( <1%) overhead. 

Virtual space:
  Non-class space:       30.00 MB reserved,      29.17 MB ( 97%) committed 
      Class space:        1.00 GB reserved,       3.75 MB ( <1%) committed 
             Both:        1.03 GB reserved,      32.92 MB (  3%) committed 

Chunk freelists:
   Non-Class:  3.25 KB
       Class:  1.75 KB
        Both:  5.00 KB

CodeHeap 'non-profiled nmethods': size=120000Kb used=2634Kb max_used=2640Kb free=117365Kb
 bounds [0x0000021ed1270000, 0x0000021ed1520000, 0x0000021ed87a0000]
CodeHeap 'profiled nmethods': size=120000Kb used=10423Kb max_used=10923Kb free=109576Kb
 bounds [0x0000021ec9d40000, 0x0000021eca7f0000, 0x0000021ed1270000]
CodeHeap 'non-nmethods': size=5760Kb used=1147Kb max_used=1188Kb free=4612Kb
 bounds [0x0000021ec97a0000, 0x0000021ec9a10000, 0x0000021ec9d40000]
 total_blobs=5241 nmethods=4775 adapters=377
 compilation: enabled
              stopped_count=0, restarted_count=0
 full_count=0

Compilation events (10 events):
Event: 2.540 Thread 0x0000021ee610b800 nmethod 5176 0x0000021ed12e0590 code [0x0000021ed12e0720, 0x0000021ed12e0818]
Event: 2.540 Thread 0x0000021ee56c2800 5192       3       java.net.URI::toString (16 bytes)
Event: 2.540 Thread 0x0000021ee56c2800 nmethod 5192 0x0000021ec9f4da90 code [0x0000021ec9f4dc40, 0x0000021ec9f4de10]
Event: 2.540 Thread 0x0000021ee56c2800 5193       3       java.net.URI::isAbsolute (13 bytes)
Event: 2.540 Thread 0x0000021ee56c2800 nmethod 5193 0x0000021ec9f52010 code [0x0000021ec9f521c0, 0x0000021ec9f52378]
Event: 2.541 Thread 0x0000021ee56c2800 5194       3       jdk.internal.reflect.Reflection::verifyMemberAccess (190 bytes)
Event: 2.543 Thread 0x0000021ee56c2800 nmethod 5194 0x0000021ec9fa6690 code [0x0000021ec9fa6ba0, 0x0000021ec9fa9310]
Event: 2.545 Thread 0x0000021ee610b800 5195 %     4       java.util.jar.JarFile::match @ 14 (132 bytes)
Event: 2.545 Thread 0x0000021ee643d000 nmethod 5178% 0x0000021ed1516690 code [0x0000021ed15168c0, 0x0000021ed1518bb8]
Event: 2.547 Thread 0x0000021ee56c2800 5196  s!   3       jdk.internal.loader.URLClassPath::getLoader (194 bytes)

GC Heap History (7 events):
Event: 0.382 GC heap before
{Heap before GC invocations=0 (full 0):
 garbage-first heap   total 262144K, used 23552K [0x0000000700a00000, 0x0000000800000000)
  region size 1024K, 24 young (24576K), 0 survivors (0K)
 Metaspace       used 12505K, capacity 12661K, committed 12928K, reserved 1060864K
  class space    used 1267K, capacity 1348K, committed 1408K, reserved 1048576K
}
Event: 0.384 GC heap after
{Heap after GC invocations=1 (full 0):
 garbage-first heap   total 262144K, used 3548K [0x0000000700a00000, 0x0000000800000000)
  region size 1024K, 3 young (3072K), 3 survivors (3072K)
 Metaspace       used 12505K, capacity 12661K, committed 12928K, reserved 1060864K
  class space    used 1267K, capacity 1348K, committed 1408K, reserved 1048576K
}
Event: 1.281 GC heap before
{Heap before GC invocations=1 (full 0):
 garbage-first heap   total 262144K, used 92636K [0x0000000700a00000, 0x0000000800000000)
  region size 1024K, 91 young (93184K), 3 survivors (3072K)
 Metaspace       used 20819K, capacity 21112K, committed 21296K, reserved 1069056K
  class space    used 2189K, capacity 2315K, committed 2432K, reserved 1048576K
}
Event: 1.289 GC heap after
{Heap after GC invocations=2 (full 0):
 garbage-first heap   total 262144K, used 11031K [0x0000000700a00000, 0x0000000800000000)
  region size 1024K, 11 young (11264K), 11 survivors (11264K)
 Metaspace       used 20819K, capacity 21112K, committed 21296K, reserved 1069056K
  class space    used 2189K, capacity 2315K, committed 2432K, reserved 1048576K
}
Event: 1.873 GC heap before
{Heap before GC invocations=3 (full 0):
 garbage-first heap   total 262144K, used 103191K [0x0000000700a00000, 0x0000000800000000)
  region size 1024K, 101 young (103424K), 11 survivors (11264K)
 Metaspace       used 24831K, capacity 25387K, committed 25520K, reserved 1073152K
  class space    used 2580K, capacity 2784K, committed 2816K, reserved 1048576K
}
Event: 1.880 GC heap after
{Heap after GC invocations=4 (full 0):
 garbage-first heap   total 262144K, used 15954K [0x0000000700a00000, 0x0000000800000000)
  region size 1024K, 5 young (5120K), 5 survivors (5120K)
 Metaspace       used 24831K, capacity 25387K, committed 25520K, reserved 1073152K
  class space    used 2580K, capacity 2784K, committed 2816K, reserved 1048576K
}
Event: 2.548 GC heap before
{Heap before GC invocations=4 (full 0):
 garbage-first heap   total 262144K, used 169554K [0x0000000700a00000, 0x0000000800000000)
  region size 1024K, 153 young (156672K), 5 survivors (5120K)
 Metaspace       used 32804K, capacity 33512K, committed 33712K, reserved 1079296K
  class space    used 3495K, capacity 3794K, committed 3840K, reserved 1048576K
}

Deoptimization events (10 events):
Event: 2.208 Thread 0x0000021ec138e800 Uncommon trap: reason=predicate action=maybe_recompile pc=0x0000021ed14a6ff8 method=java.util.TimSort.binarySort([Ljava/lang/Object;IIILjava/util/Comparator;)V @ 34 c2
Event: 2.222 Thread 0x0000021ec138e800 Uncommon trap: reason=unstable_if action=reinterpret pc=0x0000021ed14d6238 method=java.nio.file.FileTreeWalker.visit(Ljava/nio/file/Path;ZZ)Ljava/nio/file/FileTreeWalker$Event; @ 53 c2
Event: 2.389 Thread 0x0000021ec138e800 Uncommon trap: reason=bimorphic_or_optimized_type_check action=maybe_recompile pc=0x0000021ed13b32e0 method=java.util.HashMap.putVal(ILjava/lang/Object;Ljava/lang/Object;ZZ)Ljava/lang/Object; @ 253 c2
Event: 2.390 Thread 0x0000021ec138e800 Uncommon trap: reason=bimorphic_or_optimized_type_check action=maybe_recompile pc=0x0000021ed13b32e0 method=java.util.HashMap.putVal(ILjava/lang/Object;Ljava/lang/Object;ZZ)Ljava/lang/Object; @ 253 c2
Event: 2.392 Thread 0x0000021ec138e800 Uncommon trap: reason=bimorphic_or_optimized_type_check action=maybe_recompile pc=0x0000021ed13b32e0 method=java.util.HashMap.putVal(ILjava/lang/Object;Ljava/lang/Object;ZZ)Ljava/lang/Object; @ 253 c2
Event: 2.406 Thread 0x0000021ec138e800 Uncommon trap: reason=bimorphic_or_optimized_type_check action=maybe_recompile pc=0x0000021ed13b32e0 method=java.util.HashMap.putVal(ILjava/lang/Object;Ljava/lang/Object;ZZ)Ljava/lang/Object; @ 253 c2
Event: 2.407 Thread 0x0000021ec138e800 Uncommon trap: reason=bimorphic_or_optimized_type_check action=maybe_recompile pc=0x0000021ed1377f74 method=java.util.HashMap.putVal(ILjava/lang/Object;Ljava/lang/Object;ZZ)Ljava/lang/Object; @ 253 c2
Event: 2.446 Thread 0x0000021ec138e800 Uncommon trap: reason=intrinsic_or_type_checked_inlining action=make_not_entrant pc=0x0000021ed12d12ec method=java.util.ArrayList.toArray([Ljava/lang/Object;)[Ljava/lang/Object; @ 36 c2
Event: 2.530 Thread 0x0000021ec138e800 Uncommon trap: reason=unstable_if action=reinterpret pc=0x0000021ed149e4c4 method=java.util.jar.Manifest$FastInputStream.readLine([BII)I @ 106 c2
Event: 2.530 Thread 0x0000021ec138e800 Uncommon trap: reason=unstable_if action=reinterpret pc=0x0000021ed1493024 method=java.util.jar.Manifest$FastInputStream.readLine([BII)I @ 106 c2

Classes redefined (0 events):
No events

Internal exceptions (10 events):
Event: 2.425 Thread 0x0000021ec138e800 Exception <a 'sun/nio/fs/WindowsException'{0x0000000709d7e578}> (0x0000000709d7e578) thrown at [./open/src/hotspot/share/prims/jni.cpp, line 611]
Event: 2.445 Thread 0x0000021ec138e800 Exception <a 'sun/nio/fs/WindowsException'{0x0000000709cb73a8}> (0x0000000709cb73a8) thrown at [./open/src/hotspot/share/prims/jni.cpp, line 611]
Event: 2.445 Thread 0x0000021ec138e800 Exception <a 'sun/nio/fs/WindowsException'{0x0000000709cb8990}> (0x0000000709cb8990) thrown at [./open/src/hotspot/share/prims/jni.cpp, line 611]
Event: 2.533 Thread 0x0000021ec138e800 Exception <a 'sun/nio/fs/WindowsException'{0x0000000707234c18}> (0x0000000707234c18) thrown at [./open/src/hotspot/share/prims/jni.cpp, line 611]
Event: 2.534 Thread 0x0000021ec138e800 Exception <a 'sun/nio/fs/WindowsException'{0x00000007072374c8}> (0x00000007072374c8) thrown at [./open/src/hotspot/share/prims/jni.cpp, line 611]
Event: 2.535 Thread 0x0000021ec138e800 Exception <a 'sun/nio/fs/WindowsException'{0x0000000707238ee0}> (0x0000000707238ee0) thrown at [./open/src/hotspot/share/prims/jni.cpp, line 611]
Event: 2.535 Thread 0x0000021ec138e800 Exception <a 'sun/nio/fs/WindowsException'{0x000000070723cbe0}> (0x000000070723cbe0) thrown at [./open/src/hotspot/share/prims/jni.cpp, line 611]
Event: 2.535 Thread 0x0000021ec138e800 Exception <a 'sun/nio/fs/WindowsException'{0x000000070723ceb0}> (0x000000070723ceb0) thrown at [./open/src/hotspot/share/prims/jni.cpp, line 611]
Event: 2.535 Thread 0x0000021ec138e800 Exception <a 'sun/nio/fs/WindowsException'{0x000000070723f098}> (0x000000070723f098) thrown at [./open/src/hotspot/share/prims/jni.cpp, line 611]
Event: 2.535 Thread 0x0000021ec138e800 Exception <a 'sun/nio/fs/WindowsException'{0x000000070723f2d8}> (0x000000070723f2d8) thrown at [./open/src/hotspot/share/prims/jni.cpp, line 611]

Events (10 events):
Event: 2.446 Thread 0x0000021ec138e800 DEOPT UNPACKING pc=0x0000021ec97c91af sp=0x000000a8f8cfce10 mode 2
Event: 2.486 Thread 0x0000021ec138e800 DEOPT PACKING pc=0x0000021ec9f8b7bc sp=0x000000a8f8cfc570
Event: 2.486 Thread 0x0000021ec138e800 DEOPT UNPACKING pc=0x0000021ec97c8fce sp=0x000000a8f8cfbb10 mode 0
Event: 2.530 Thread 0x0000021ec138e800 Uncommon trap: trap_request=0xffffff4d fr.pc=0x0000021ed149e4c4 relative=0x0000000000000484
Event: 2.530 Thread 0x0000021ec138e800 DEOPT PACKING pc=0x0000021ed149e4c4 sp=0x000000a8f8cfc9d0
Event: 2.530 Thread 0x0000021ec138e800 DEOPT UNPACKING pc=0x0000021ec97c91af sp=0x000000a8f8cfc960 mode 2
Event: 2.530 Thread 0x0000021ec138e800 Uncommon trap: trap_request=0xffffff4d fr.pc=0x0000021ed1493024 relative=0x00000000000004c4
Event: 2.530 Thread 0x0000021ec138e800 DEOPT PACKING pc=0x0000021ed1493024 sp=0x000000a8f8cfc9c0
Event: 2.530 Thread 0x0000021ec138e800 DEOPT UNPACKING pc=0x0000021ec97c91af sp=0x000000a8f8cfc960 mode 2
Event: 2.548 Executing VM operation: G1CollectForAllocation


Dynamic libraries:
0x00007ff6c2510000 - 0x00007ff6c251f000 	C:\Program Files\Java\jdk-11.0.8\bin\java.exe
0x00007ffa002f0000 - 0x00007ffa004e5000 	C:\WINDOWS\SYSTEM32\ntdll.dll
0x00007ff9ffdb0000 - 0x00007ff9ffe6d000 	C:\WINDOWS\System32\KERNEL32.DLL
0x00007ff9fdf50000 - 0x00007ff9fe219000 	C:\WINDOWS\System32\KERNELBASE.dll
0x00007ff9fde50000 - 0x00007ff9fdf50000 	C:\WINDOWS\System32\ucrtbase.dll
0x00007ff9f64d0000 - 0x00007ff9f64e8000 	C:\Program Files\Java\jdk-11.0.8\bin\jli.dll
0x00007ff9f6420000 - 0x00007ff9f6435000 	C:\Program Files\Java\jdk-11.0.8\bin\VCRUNTIME140.dll
0x00007ff9fe360000 - 0x00007ff9fe40c000 	C:\WINDOWS\System32\ADVAPI32.dll
0x00007ff9feb70000 - 0x00007ff9fec0e000 	C:\WINDOWS\System32\msvcrt.dll
0x00007ff9fead0000 - 0x00007ff9feb6b000 	C:\WINDOWS\System32\sechost.dll
0x00007ff9fe4e0000 - 0x00007ff9fe60a000 	C:\WINDOWS\System32\RPCRT4.dll
0x00007ff9fedf0000 - 0x00007ff9fef90000 	C:\WINDOWS\System32\USER32.dll
0x00007ff9fde20000 - 0x00007ff9fde42000 	C:\WINDOWS\System32\win32u.dll
0x00007ff9fedc0000 - 0x00007ff9fedea000 	C:\WINDOWS\System32\GDI32.dll
0x00007ff9ede80000 - 0x00007ff9ee11a000 	C:\WINDOWS\WinSxS\amd64_microsoft.windows.common-controls_6595b64144ccf1df_6.0.19041.1110_none_60b5254171f9507e\COMCTL32.dll
0x00007ff9fe250000 - 0x00007ff9fe35b000 	C:\WINDOWS\System32\gdi32full.dll
0x00007ff9fdc40000 - 0x00007ff9fdcdd000 	C:\WINDOWS\System32\msvcp_win.dll
0x00007ff9f5ba0000 - 0x00007ff9f5baa000 	C:\WINDOWS\SYSTEM32\VERSION.dll
0x00007ffa00280000 - 0x00007ffa002b0000 	C:\WINDOWS\System32\IMM32.DLL
0x00007ff9ad740000 - 0x00007ff9ad7db000 	C:\Program Files\Java\jdk-11.0.8\bin\msvcp140.dll
0x00007ff980c30000 - 0x00007ff981716000 	C:\Program Files\Java\jdk-11.0.8\bin\server\jvm.dll
0x00007ff9fe610000 - 0x00007ff9fe618000 	C:\WINDOWS\System32\PSAPI.DLL
0x00007ff9df860000 - 0x00007ff9df869000 	C:\WINDOWS\SYSTEM32\WSOCK32.dll
0x00007ff9f0730000 - 0x00007ff9f0757000 	C:\WINDOWS\SYSTEM32\WINMM.dll
0x00007ff9fe8f0000 - 0x00007ff9fe95b000 	C:\WINDOWS\System32\WS2_32.dll
0x00007ff9fb980000 - 0x00007ff9fb992000 	C:\WINDOWS\SYSTEM32\kernel.appcore.dll
0x00007ff9f9520000 - 0x00007ff9f9530000 	C:\Program Files\Java\jdk-11.0.8\bin\verify.dll
0x00007ff9e6a00000 - 0x00007ff9e6be4000 	C:\WINDOWS\SYSTEM32\DBGHELP.DLL
0x00007ff9e5de0000 - 0x00007ff9e5e0c000 	C:\WINDOWS\SYSTEM32\dbgcore.DLL
0x00007ff9fdd90000 - 0x00007ff9fde13000 	C:\WINDOWS\System32\bcryptPrimitives.dll
0x00007ff9f5fc0000 - 0x00007ff9f5fe8000 	C:\Program Files\Java\jdk-11.0.8\bin\java.dll
0x00007ff9f6410000 - 0x00007ff9f641a000 	C:\Program Files\Java\jdk-11.0.8\bin\jimage.dll
0x00007ff9f5f60000 - 0x00007ff9f5f76000 	C:\Program Files\Java\jdk-11.0.8\bin\zip.dll
0x00007ff9ff140000 - 0x00007ff9ff87f000 	C:\WINDOWS\System32\SHELL32.dll
0x00007ff9fbb80000 - 0x00007ff9fc311000 	C:\WINDOWS\SYSTEM32\windows.storage.dll
0x00007ff9ffe70000 - 0x00007ffa001c5000 	C:\WINDOWS\System32\combase.dll
0x00007ff9fd4a0000 - 0x00007ff9fd4cc000 	C:\WINDOWS\SYSTEM32\Wldp.dll
0x00007ff9ffd00000 - 0x00007ff9ffdae000 	C:\WINDOWS\System32\SHCORE.dll
0x00007ff9fe710000 - 0x00007ff9fe765000 	C:\WINDOWS\System32\shlwapi.dll
0x00007ff9fd970000 - 0x00007ff9fd98f000 	C:\WINDOWS\SYSTEM32\profapi.dll
0x00007ff9f5e80000 - 0x00007ff9f5e99000 	C:\Program Files\Java\jdk-11.0.8\bin\net.dll
0x00007ff9f30e0000 - 0x00007ff9f31ea000 	C:\WINDOWS\SYSTEM32\WINHTTP.dll
0x00007ff9fd200000 - 0x00007ff9fd26a000 	C:\WINDOWS\system32\mswsock.dll
0x00007ff9f3050000 - 0x00007ff9f3062000 	C:\Program Files\Java\jdk-11.0.8\bin\nio.dll
0x00007ff9f5fb0000 - 0x00007ff9f5fba000 	C:\Users\Jack\Desktop\Maven\apache-maven-3.6.3\lib\jansi-native\windows64\jansi.dll

dbghelp: loaded successfully - version: 4.0.5 - missing functions: none
symbol engine: initialized successfully - sym options: 0x614 - pdb path: .;C:\Program Files\Java\jdk-11.0.8\bin;C:\WINDOWS\SYSTEM32;C:\WINDOWS\WinSxS\amd64_microsoft.windows.common-controls_6595b64144ccf1df_6.0.19041.1110_none_60b5254171f9507e;C:\Program Files\Java\jdk-11.0.8\bin\server;C:\Users\Jack\Desktop\Maven\apache-maven-3.6.3\lib\jansi-native\windows64

VM Arguments:
jvm_args: -Dclassworlds.conf=C:/Users/Jack/Desktop/Maven/apache-maven-3.6.3/bin/m2.conf -Dmaven.home=C:/Users/Jack/Desktop/Maven/apache-maven-3.6.3 -Dlibrary.jansi.path=C:/Users/Jack/Desktop/Maven/apache-maven-3.6.3/lib/jansi-native -Dmaven.multiModuleProjectDirectory=C:/Users/Jack/git/gaggle/candidateassignment 
java_command: org.codehaus.plexus.classworlds.launcher.Launcher clean package shade:shade
java_class_path (initial): C:/Users/Jack/Desktop/Maven/apache-maven-3.6.3/boot/plexus-classworlds-2.6.0.jar
Launcher Type: SUN_STANDARD

[Global flags]
     intx CICompilerCount                          = 4                                         {product} {ergonomic}
     uint ConcGCThreads                            = 2                                         {product} {ergonomic}
     uint G1ConcRefinementThreads                  = 8                                         {product} {ergonomic}
   size_t G1HeapRegionSize                         = 1048576                                   {product} {ergonomic}
    uintx GCDrainStackTargetSize                   = 64                                        {product} {ergonomic}
   size_t InitialHeapSize                          = 268435456                                 {product} {ergonomic}
   size_t MarkStackSize                            = 4194304                                   {product} {ergonomic}
   size_t MaxHeapSize                              = 4284481536                                {product} {ergonomic}
   size_t MaxNewSize                               = 2570059776                                {product} {ergonomic}
   size_t MinHeapDeltaBytes                        = 1048576                                   {product} {ergonomic}
    uintx NonNMethodCodeHeapSize                   = 5836300                                {pd product} {ergonomic}
    uintx NonProfiledCodeHeapSize                  = 122910970                              {pd product} {ergonomic}
    uintx ProfiledCodeHeapSize                     = 122910970                              {pd product} {ergonomic}
    uintx ReservedCodeCacheSize                    = 251658240                              {pd product} {ergonomic}
     bool SegmentedCodeCache                       = true                                      {product} {ergonomic}
     bool UseCompressedClassPointers               = true                                 {lp64_product} {ergonomic}
     bool UseCompressedOops                        = true                                 {lp64_product} {ergonomic}
     bool UseG1GC                                  = true                                      {product} {ergonomic}
     bool UseLargePagesIndividualAllocation        = false                                  {pd product} {ergonomic}

Logging:
Log output configuration:
 #0: stdout all=warning uptime,level,tags
 #1: stderr all=off uptime,level,tags

Environment Variables:
JAVA_HOME=C:/Program Files/Java/jdk-11.0.8
PATH=C:\Users\Jack\bin;C:\Program Files\Git\mingw64\bin;C:\Program Files\Git\usr\local\bin;C:\Program Files\Git\usr\bin;C:\Program Files\Git\usr\bin;C:\Program Files\Git\mingw64\bin;C:\Program Files\Git\usr\bin;C:\Users\Jack\bin;C:\Program Files\Java\jdk-11.0.8\bin;C:\Program Files\Java\jdk-11.0.8\lib;C:\Program Files\Common Files\Oracle\Java\javapath;C:\app\Jack\product\18.0.0\dbhomeXE\bin;C:\Program Files (x86)\Intel\Intel(R) Management Engine Components\iCLS;C:\Program Files\Intel\Intel(R) Management Engine Components\iCLS;C:\ProgramData\Oracle\Java\javapath;C:\Windows\system32;C:\Windows;C:\Windows\System32\Wbem;C:\Windows\System32\WindowsPowerShell\v1.0;C:\Program Files (x86)\NVIDIA Corporation\PhysX\Common;C:\WINDOWS\system32;C:\WINDOWS;C:\WINDOWS\System32\Wbem;C:\WINDOWS\System32\WindowsPowerShell\v1.0;C:\WINDOWS\System32\OpenSSH;C:\Program Files\dotnet;C:\Program Files\Microsoft SQL Server\130\Tools\Binn;C:\Program Files\Microsoft SQL Server\Client SDK\ODBC\130\Tools\Binn;C:\Program Files (x86)\Microsoft SQL Server\140\Tools\Binn;C:\Program Files\Microsoft SQL Server\140\Tools\Binn;C:\Program Files\Microsoft SQL Server\140\DTS\Binn;C:\Program Files (x86)\Microsoft SQL Server\Client SDK\ODBC\130\Tools\Binn;C:\Program Files (x86)\Microsoft SQL Server\140\DTS\Binn;C:\Program Files (x86)\Microsoft SQL Server\140\Tools\Binn\ManagementStudio;C:\Program Files (x86)\Microsoft SQL Server\110\DTS\Binn;C:\Program Files (x86)\Microsoft SQL Server\120\DTS\Binn;C:\Program Files (x86)\Microsoft SQL Server\130\DTS\Binn;C:\Program Files (x86)\Intel\Intel(R) Management Engine Components\DAL;C:\Program Files\Intel\Intel(R) Management Engine Components\DAL;C:\Program Files (x86)\Intel\Intel(R) Management Engine Components\IPT;C:\Program Files\Intel\Intel(R) Management Engine Components\IPT;C:\Program Files\nodejs;C:\Program Files\Java\jdk1.8.0_212\bin;C:\WINDOWS\system32;C:\WINDOWS;C:\WINDOWS\System32\Wbem;C:\WINDOWS\System32\WindowsPowerShell\v1.0;C:\WINDOWS\System32\OpenSSH;C:\P
USERNAME=Jack
SHELL=C:\Program Files\Git\usr\bin\bash.exe
DISPLAY=needs-to-be-defined
OS=Windows_NT
PROCESSOR_IDENTIFIER=Intel64 Family 6 Model 158 Stepping 9, GenuineIntel



---------------  S Y S T E M  ---------------

OS: Windows 10 , 64 bit Build 19041 (10.0.19041.1023)

CPU:total 8 (initial active 8) (4 cores per cpu, 2 threads per core) family 6 model 158 stepping 9, cmov, cx8, fxsr, mmx, sse, sse2, sse3, ssse3, sse4.1, sse4.2, popcnt, avx, avx2, aes, clmul, erms, rtm, 3dnowpref, lzcnt, ht, tsc, tscinvbit, bmi1, bmi2, adx, fma

Memory: 4k page, system-wide physical 16343M (7828M free)
TotalPageFile size 26071M (AvailPageFile size 9329M)
current process WorkingSet (physical memory assigned to process): 312M, peak: 312M
current process commit charge ("private bytes"): 431M, peak: 442M

vm_info: Java HotSpot(TM) 64-Bit Server VM (11.0.8+10-LTS) for windows-amd64 JRE (11.0.8+10-LTS), built on Jun 16 2020 05:53:08 by "mach5one" with unknown MS VC++:1916

END.
